Unity Editor version:    2021.3.15f1 (e8e88683f834)
Branch:                  2021.3/staging
Build type:              Release
Batch mode:              YES
macOS version:           Version 13.1 (Build 22C65)
Darwin version:          22.2.0
Architecture:            arm64
Running under Rosetta:   NO
Available memory:        8192 MB
Using pre-set license
Pro License: YES

COMMAND LINE ARGUMENTS:
/Applications/Unity/Hub/Editor/2021.3.15f1/Unity.app/Contents/MacOS/Unity
-adb2
-batchMode
-noUpm
-name
AssetImportWorker0
-projectPath
/Users/erenkaratas/GitHUB Repo/Paint-Rush/Paint Rush
-logFile
Logs/AssetImportWorker0.log
-srvPort
58276
Successfully changed project path to: /Users/erenkaratas/GitHUB Repo/Paint-Rush/Paint Rush
/Users/erenkaratas/GitHUB Repo/Paint-Rush/Paint Rush
[UnityMemory] Configuration Parameters - Can be set up in boot.config
    "memorysetup-bucket-allocator-granularity=16"
    "memorysetup-bucket-allocator-bucket-count=8"
    "memorysetup-bucket-allocator-block-size=33554432"
    "memorysetup-bucket-allocator-block-count=8"
    "memorysetup-main-allocator-block-size=16777216"
    "memorysetup-thread-allocator-block-size=16777216"
    "memorysetup-gfx-main-allocator-block-size=16777216"
    "memorysetup-gfx-thread-allocator-block-size=16777216"
    "memorysetup-cache-allocator-block-size=4194304"
    "memorysetup-typetree-allocator-block-size=2097152"
    "memorysetup-profiler-bucket-allocator-granularity=16"
    "memorysetup-profiler-bucket-allocator-bucket-count=8"
    "memorysetup-profiler-bucket-allocator-block-size=33554432"
    "memorysetup-profiler-bucket-allocator-block-count=8"
    "memorysetup-profiler-allocator-block-size=16777216"
    "memorysetup-profiler-editor-allocator-block-size=1048576"
    "memorysetup-temp-allocator-size-main=16777216"
    "memorysetup-job-temp-allocator-block-size=2097152"
    "memorysetup-job-temp-allocator-block-size-background=1048576"
    "memorysetup-job-temp-allocator-reduction-small-platforms=262144"
    "memorysetup-temp-allocator-size-background-worker=32768"
    "memorysetup-temp-allocator-size-job-worker=262144"
    "memorysetup-temp-allocator-size-preload-manager=33554432"
    "memorysetup-temp-allocator-size-nav-mesh-worker=65536"
    "memorysetup-temp-allocator-size-audio-worker=65536"
    "memorysetup-temp-allocator-size-cloud-worker=32768"
    "memorysetup-temp-allocator-size-gi-baking-worker=262144"
    "memorysetup-temp-allocator-size-gfx=262144"
Player connection [8392424064] Host "[IP] 100.100.15.166 [Port] 0 [Flags] 2 [Guid] 3875077874 [EditorId] 3875077874 [Version] 1048832 [Id] OSXEditor(0,Eren-MacBook-Pro.local) [Debug] 1 [PackageName] OSXEditor [ProjectName] Editor" joined multi-casting on [225.0.0.222:54997]...

Player connection [8392424064] Host "[IP] 100.100.15.166 [Port] 0 [Flags] 2 [Guid] 3875077874 [EditorId] 3875077874 [Version] 1048832 [Id] OSXEditor(0,Eren-MacBook-Pro.local) [Debug] 1 [PackageName] OSXEditor [ProjectName] Editor" joined alternative multi-casting on [225.0.0.222:34997]...

Refreshing native plugins compatible for Editor in 66.98 ms, found 3 plugins.
Preloading 0 native plugins for Editor in 0.00 ms.
Initialize engine version: 2021.3.15f1 (e8e88683f834)
[Subsystems] Discovering subsystems at path /Applications/Unity/Hub/Editor/2021.3.15f1/Unity.app/Contents/Resources/UnitySubsystems
[Subsystems] Discovering subsystems at path /Users/erenkaratas/GitHUB Repo/Paint-Rush/Paint Rush/Assets
GfxDevice: creating device client; threaded=0; jobified=0
 preferred device: Apple M2 (high power)
Metal devices available: 1
0: Apple M2 (high power)
Using device Apple M2 (high power)
Initializing Metal device caps: Apple M2
Initialize mono
Mono path[0] = '/Applications/Unity/Hub/Editor/2021.3.15f1/Unity.app/Contents/Managed'
Mono path[1] = '/Applications/Unity/Hub/Editor/2021.3.15f1/Unity.app/Contents/MonoBleedingEdge/lib/mono/unityjit-macos'
Mono config path = '/Applications/Unity/Hub/Editor/2021.3.15f1/Unity.app/Contents/MonoBleedingEdge/etc'
Using monoOptions --debugger-agent=transport=dt_socket,embedding=1,server=y,suspend=n,address=127.0.0.1:56481
Begin MonoManager ReloadAssembly
Registering precompiled unity dll's ...
Register platform support module: /Applications/Unity/Hub/Editor/2021.3.15f1/PlaybackEngines/WebGLSupport/UnityEditor.WebGL.Extensions.dll
Register platform support module: /Applications/Unity/Hub/Editor/2021.3.15f1/Unity.app/Contents/PlaybackEngines/MacStandaloneSupport/UnityEditor.OSXStandalone.Extensions.dll
Register platform support module: /Applications/Unity/Hub/Editor/2021.3.15f1/PlaybackEngines/AndroidPlayer/UnityEditor.Android.Extensions.dll
Register platform support module: /Applications/Unity/Hub/Editor/2021.3.15f1/PlaybackEngines/iOSSupport/UnityEditor.iOS.Extensions.dll
Registered in 0.001946 seconds.
[usbmuxd] Start listen thread
[usbmuxd] Listen thread started
[usbmuxd] Send listen message
Native extension for iOS target not found
Native extension for Android target not found
Native extension for OSXStandalone target not found
Native extension for WebGL target not found
Refreshing native plugins compatible for Editor in 54.49 ms, found 3 plugins.
Preloading 0 native plugins for Editor in 0.00 ms.
Mono: successfully reloaded assembly
- Completed reload, in  0.505 seconds
Domain Reload Profiling:
	ReloadAssembly (506ms)
		BeginReloadAssembly (98ms)
			ExecutionOrderSort (0ms)
			DisableScriptedObjects (0ms)
			BackupInstance (0ms)
			ReleaseScriptingObjects (0ms)
			CreateAndSetChildDomain (1ms)
		EndReloadAssembly (341ms)
			LoadAssemblies (103ms)
			RebuildTransferFunctionScriptingTraits (0ms)
			SetupTypeCache (79ms)
			ReleaseScriptCaches (0ms)
			RebuildScriptCaches (18ms)
			SetupLoadedEditorAssemblies (214ms)
				LogAssemblyErrors (0ms)
				InitializePlatformSupportModulesInManaged (93ms)
				SetLoadedEditorAssemblies (0ms)
				RefreshPlugins (55ms)
				BeforeProcessingInitializeOnLoad (1ms)
				ProcessInitializeOnLoadAttributes (43ms)
				ProcessInitializeOnLoadMethodAttributes (21ms)
				AfterProcessingInitializeOnLoad (0ms)
				EditorAssembliesLoaded (0ms)
			ExecutionOrderSort2 (0ms)
			AwakeInstancesAfterBackupRestoration (0ms)
Platform modules already initialized, skipping
Registering precompiled user dll's ...
Registered in 0.005553 seconds.
Begin MonoManager ReloadAssembly
Native extension for iOS target not found
Native extension for Android target not found
Native extension for OSXStandalone target not found
Native extension for WebGL target not found
Refreshing native plugins compatible for Editor in 56.66 ms, found 3 plugins.
Preloading 0 native plugins for Editor in 0.00 ms.
Mono: successfully reloaded assembly
- Completed reload, in  0.912 seconds
Domain Reload Profiling:
	ReloadAssembly (912ms)
		BeginReloadAssembly (169ms)
			ExecutionOrderSort (0ms)
			DisableScriptedObjects (3ms)
			BackupInstance (0ms)
			ReleaseScriptingObjects (0ms)
			CreateAndSetChildDomain (125ms)
		EndReloadAssembly (680ms)
			LoadAssemblies (71ms)
			RebuildTransferFunctionScriptingTraits (0ms)
			SetupTypeCache (160ms)
			ReleaseScriptCaches (1ms)
			RebuildScriptCaches (32ms)
			SetupLoadedEditorAssemblies (396ms)
				LogAssemblyErrors (0ms)
				InitializePlatformSupportModulesInManaged (19ms)
				SetLoadedEditorAssemblies (0ms)
				RefreshPlugins (57ms)
				BeforeProcessingInitializeOnLoad (43ms)
				ProcessInitializeOnLoadAttributes (240ms)
				ProcessInitializeOnLoadMethodAttributes (36ms)
				AfterProcessingInitializeOnLoad (1ms)
				EditorAssembliesLoaded (0ms)
			ExecutionOrderSort2 (0ms)
			AwakeInstancesAfterBackupRestoration (2ms)
Platform modules already initialized, skipping
========================================================================
Worker process is ready to serve import requests
Launching external process: /Applications/Unity/Hub/Editor/2021.3.15f1/Unity.app/Contents/Tools/UnityShaderCompiler
Launched and connected shader compiler UnityShaderCompiler after 0.05 seconds
Refreshing native plugins compatible for Editor in 0.54 ms, found 3 plugins.
Preloading 0 native plugins for Editor in 0.00 ms.
Unloading 3753 Unused Serialized files (Serialized files now loaded: 0)
Unloading 112 unused Assets / (18.0 MB). Loaded Objects now: 4135.
Memory consumption went from 159.5 MB to 141.5 MB.
Total: 9.566125 ms (FindLiveObjects: 0.255125 ms CreateObjectMapping: 0.099459 ms MarkObjects: 3.149958 ms  DeleteObjects: 6.061041 ms)

AssetImportParameters requested are different than current active one (requested -> active):
  custom:video-decoder-ogg-theora: a1e56fd34408186e4bbccfd4996cb3dc -> 
  custom:container-muxer-webm: aa71ff27fc2769a1b78a27578f13a17b -> 
  custom:container-demuxer-webm: 4f35f7cbe854078d1ac9338744f61a02 -> 
  custom:video-encoder-webm-vp8: eb34c28f22e8b96e1ab97ce403110664 -> 
  custom:framework-osx-AVFoundation: e770b220cccbd017edd2c1fefb359320 -> 
  custom:audio-encoder-webm-vorbis: bf7c407c2cedff20999df2af8eb42d56 -> 
  custom:container-demuxer-ogg: 62fdf1f143b41e24485cea50d1cbac27 -> 
  custom:video-decoder-webm-vp8: 9c59270c3fd7afecdb556c50c9e8de78 -> 
  custom:audio-decoder-ogg-vorbis: bf7c407c2cedff20999df2af8eb42d56 -> 
========================================================================
Received Import Request.
  Time since last request: 266946.873636 seconds.
  path: Assets/monalsa-renksiz.fbx
  artifactKey: Guid(cc3f7f8e0d56efb42b7fb7105d945345) Importer(815301076,1909f56bfc062723c751e8b465ee728b)
Start importing Assets/monalsa-renksiz.fbx using Guid(cc3f7f8e0d56efb42b7fb7105d945345) Importer(815301076,1909f56bfc062723c751e8b465ee728b)  -> (artifact id: '924ac5ea02162c5402c24e45cc411047') in 1.138262 seconds 
========================================================================
Received Import Request.
  Time since last request: 0.000062 seconds.
  path: Assets/FredokaOne-Regular SDF.asset
  artifactKey: Guid(52143ae3ee4557441a303b2b7f5ece5b) Importer(815301076,1909f56bfc062723c751e8b465ee728b)
Start importing Assets/FredokaOne-Regular SDF.asset using Guid(52143ae3ee4557441a303b2b7f5ece5b) Importer(815301076,1909f56bfc062723c751e8b465ee728b)  -> (artifact id: '14d6fecb887b8ea6a8e41a8d9cbc37c4') in 0.114688 seconds 
========================================================================
Received Import Request.
  Time since last request: 79.387244 seconds.
  path: Assets/monalsa-boyal (1).fbm
  artifactKey: Guid(db0dcbec8d2afe24eaa512fba8380bd1) Importer(815301076,1909f56bfc062723c751e8b465ee728b)
Start importing Assets/monalsa-boyal (1).fbm using Guid(db0dcbec8d2afe24eaa512fba8380bd1) Importer(815301076,1909f56bfc062723c751e8b465ee728b)  -> (artifact id: 'afed31bf193edee7bdaaa712251a54d7') in 0.002183 seconds 
========================================================================
Received Import Request.
  Time since last request: 0.457123 seconds.
  path: Assets/monalsa-boyal (1).fbm/mona-l覺sa-son-覺llustratr-01.jpg
  artifactKey: Guid(efba580d4a89da04e974924d18f37e12) Importer(815301076,1909f56bfc062723c751e8b465ee728b)
Start importing Assets/monalsa-boyal (1).fbm/mona-l覺sa-son-覺llustratr-01.jpg using Guid(efba580d4a89da04e974924d18f37e12) Importer(815301076,1909f56bfc062723c751e8b465ee728b)  -> (artifact id: 'f5d660dc44adbbafe497fa66dadb1970') in 0.346965 seconds 
========================================================================
Received Import Request.
  Time since last request: 11.885330 seconds.
  path: Assets/Scenes
  artifactKey: Guid(3992c44434dfe49399ef0b657026c819) Importer(815301076,1909f56bfc062723c751e8b465ee728b)
Start importing Assets/Scenes using Guid(3992c44434dfe49399ef0b657026c819) Importer(815301076,1909f56bfc062723c751e8b465ee728b)  -> (artifact id: '917f7c84f3fa65d2e5ad015885c3dc2f') in 0.000906 seconds 
========================================================================
Received Import Request.
  Time since last request: 1.275640 seconds.
  path: Assets/Scenes/deneme
  artifactKey: Guid(345b50fa7c09b394bb6d0da9ba32286b) Importer(815301076,1909f56bfc062723c751e8b465ee728b)
Start importing Assets/Scenes/deneme using Guid(345b50fa7c09b394bb6d0da9ba32286b) Importer(815301076,1909f56bfc062723c751e8b465ee728b)  -> (artifact id: '4e3bd8165a52b9d55ab5faad79726232') in 0.001013 seconds 
========================================================================
Received Import Request.
  Time since last request: 0.057982 seconds.
  path: Assets/Scenes/deneme/LightingData.asset
  artifactKey: Guid(58d31bf8a8d9aeb47978face72aa05ba) Importer(815301076,1909f56bfc062723c751e8b465ee728b)
Start importing Assets/Scenes/deneme/LightingData.asset using Guid(58d31bf8a8d9aeb47978face72aa05ba) Importer(815301076,1909f56bfc062723c751e8b465ee728b)  -> (artifact id: 'e15330ecced9ab6a3770ce2db90b7db7') in 0.005803 seconds 
========================================================================
Received Import Request.
  Time since last request: 1.745665 seconds.
  path: Assets/Scenes/deneme.unity
  artifactKey: Guid(e5d09de33993bb243a17a73cb678a58f) Importer(815301076,1909f56bfc062723c751e8b465ee728b)
Start importing Assets/Scenes/deneme.unity using Guid(e5d09de33993bb243a17a73cb678a58f) Importer(815301076,1909f56bfc062723c751e8b465ee728b)  -> (artifact id: '13b6ddff907cad3577b197acdefc2b52') in 0.001225 seconds 
========================================================================
Received Prepare
Registering precompiled user dll's ...
Registered in 0.001481 seconds.
Begin MonoManager ReloadAssembly
Thread 0x286533000 may have been prematurely finalized
Native extension for iOS target not found
Native extension for Android target not found
Native extension for OSXStandalone target not found
Native extension for WebGL target not found
Refreshing native plugins compatible for Editor in 1.10 ms, found 3 plugins.
Preloading 0 native plugins for Editor in 0.00 ms.
Mono: successfully reloaded assembly
- Completed reload, in  0.866 seconds
Domain Reload Profiling:
	ReloadAssembly (866ms)
		BeginReloadAssembly (149ms)
			ExecutionOrderSort (0ms)
			DisableScriptedObjects (12ms)
			BackupInstance (0ms)
			ReleaseScriptingObjects (0ms)
			CreateAndSetChildDomain (71ms)
		EndReloadAssembly (653ms)
			LoadAssemblies (51ms)
			RebuildTransferFunctionScriptingTraits (1ms)
			SetupTypeCache (166ms)
			ReleaseScriptCaches (19ms)
			RebuildScriptCaches (32ms)
			SetupLoadedEditorAssemblies (332ms)
				LogAssemblyErrors (0ms)
				InitializePlatformSupportModulesInManaged (20ms)
				SetLoadedEditorAssemblies (0ms)
				RefreshPlugins (1ms)
				BeforeProcessingInitializeOnLoad (46ms)
				ProcessInitializeOnLoadAttributes (224ms)
				ProcessInitializeOnLoadMethodAttributes (39ms)
				AfterProcessingInitializeOnLoad (1ms)
				EditorAssembliesLoaded (0ms)
			ExecutionOrderSort2 (0ms)
			AwakeInstancesAfterBackupRestoration (6ms)
Platform modules already initialized, skipping
Refreshing native plugins compatible for Editor in 1.75 ms, found 3 plugins.
Preloading 0 native plugins for Editor in 0.00 ms.
Unloading 3656 Unused Serialized files (Serialized files now loaded: 0)
Unloading 99 unused Assets / (17.5 MB). Loaded Objects now: 4237.
Memory consumption went from 405.8 MB to 388.4 MB.
Total: 11.062333 ms (FindLiveObjects: 0.159250 ms CreateObjectMapping: 0.083458 ms MarkObjects: 4.701250 ms  DeleteObjects: 6.117791 ms)

AssetImportParameters requested are different than current active one (requested -> active):
  custom:video-decoder-ogg-theora: a1e56fd34408186e4bbccfd4996cb3dc -> 
  custom:container-muxer-webm: aa71ff27fc2769a1b78a27578f13a17b -> 
  custom:container-demuxer-webm: 4f35f7cbe854078d1ac9338744f61a02 -> 
  custom:video-encoder-webm-vp8: eb34c28f22e8b96e1ab97ce403110664 -> 
  custom:framework-osx-AVFoundation: e770b220cccbd017edd2c1fefb359320 -> 
  custom:audio-encoder-webm-vorbis: bf7c407c2cedff20999df2af8eb42d56 -> 
  custom:container-demuxer-ogg: 62fdf1f143b41e24485cea50d1cbac27 -> 
  custom:video-decoder-webm-vp8: 9c59270c3fd7afecdb556c50c9e8de78 -> 
  custom:audio-decoder-ogg-vorbis: bf7c407c2cedff20999df2af8eb42d56 -> 
